<?xml version="1.0" encoding="UTF-8"?>
<!-- Generated by org.testng.reporters.JUnitReportReporter -->
<testsuite hostname="GSOD-BLD" name="praticeTest.ieDriver_exercise3.testIEOpen" tests="4" failures="0" timestamp="18 Aug 2017 13:25:24 GMT" time="6.979" errors="0">
  <testcase name="navigate_to_gamestop" time="3.536" classname="praticeTest.ieDriver_exercise3.testIEOpen"/>
  <testcase name="dataTable" time="1.832" classname="praticeTest.ieDriver_exercise3.testIEOpen"/>
  <testcase name="asserts" time="1.375" classname="praticeTest.ieDriver_exercise3.testIEOpen"/>
  <testcase name="logout" time="0.236" classname="praticeTest.ieDriver_exercise3.testIEOpen"/>
</testsuite> <!-- praticeTest.ieDriver_exercise3.testIEOpen -->
